# JRE version: OpenJDK Runtime Environment (11.0.10) (build 11.0.10+0-b96-7249189)
# Java VM: OpenJDK 64-Bit Server VM (11.0.10+0-b96-7249189, mixed mode, tiered, compressed oops, g1 gc, windows-amd64)
Heap:
 garbage-first heap   total 157696K, used 117403K [0x0000000080000000, 0x0000000100000000)
  region size 1024K, 32 young (32768K), 1 survivors (1024K)
 Metaspace       used 117386K, capacity 120639K, committed 121344K, reserved 1155072K
  class space    used 15041K, capacity 16252K, committed 16460K, reserved 1048576K
GC Heap History (20 events):
Event: 1003.797 GC heap before
{Heap before GC invocations=21 (full 0):
 garbage-first heap   total 157696K, used 130060K [0x0000000080000000, 0x0000000100000000)
  region size 1024K, 64 young (65536K), 4 survivors (4096K)
 Metaspace       used 83872K, capacity 86114K, committed 86272K, reserved 1124352K
  class space    used 10659K, capacity 11471K, committed 11596K, reserved 1048576K
}
Event: 1003.809 GC heap after
{Heap after GC invocations=22 (full 0):
 garbage-first heap   total 157696K, used 74819K [0x0000000080000000, 0x0000000100000000)
  region size 1024K, 8 young (8192K), 8 survivors (8192K)
 Metaspace       used 83872K, capacity 86114K, committed 86272K, reserved 1124352K
  class space    used 10659K, capacity 11471K, committed 11596K, reserved 1048576K
}
Event: 1006.490 GC heap before
{Heap before GC invocations=22 (full 0):
 garbage-first heap   total 157696K, used 131139K [0x0000000080000000, 0x0000000100000000)
  region size 1024K, 62 young (63488K), 8 survivors (8192K)
 Metaspace       used 90969K, capacity 93346K, committed 93568K, reserved 1130496K
  class space    used 11531K, capacity 12415K, committed 12492K, reserved 1048576K
}
Event: 1006.515 GC heap after
{Heap after GC invocations=23 (full 0):
 garbage-first heap   total 157696K, used 85057K [0x0000000080000000, 0x0000000100000000)
  region size 1024K, 8 young (8192K), 8 survivors (8192K)
 Metaspace       used 90969K, capacity 93346K, committed 93568K, reserved 1130496K
  class space    used 11531K, capacity 12415K, committed 12492K, reserved 1048576K
}
Event: 1007.274 GC heap before
{Heap before GC invocations=23 (full 0):
 garbage-first heap   total 157696K, used 127041K [0x0000000080000000, 0x0000000100000000)
  region size 1024K, 50 young (51200K), 8 survivors (8192K)
 Metaspace       used 96961K, capacity 99343K, committed 99584K, reserved 1136640K
  class space    used 12155K, capacity 13024K, committed 13132K, reserved 1048576K
}
Event: 1007.318 GC heap after
{Heap after GC invocations=24 (full 0):
 garbage-first heap   total 157696K, used 92112K [0x0000000080000000, 0x0000000100000000)
  region size 1024K, 7 young (7168K), 7 survivors (7168K)
 Metaspace       used 96961K, capacity 99343K, committed 99584K, reserved 1136640K
  class space    used 12155K, capacity 13024K, committed 13132K, reserved 1048576K
}
Event: 1008.484 GC heap before
{Heap before GC invocations=25 (full 0):
 garbage-first heap   total 157696K, used 127952K [0x0000000080000000, 0x0000000100000000)
  region size 1024K, 43 young (44032K), 7 survivors (7168K)
 Metaspace       used 100561K, capacity 103010K, committed 103296K, reserved 1138688K
  class space    used 12548K, capacity 13449K, committed 13516K, reserved 1048576K
}
Event: 1008.500 GC heap after
{Heap after GC invocations=26 (full 0):
 garbage-first heap   total 157696K, used 94572K [0x0000000080000000, 0x0000000100000000)
  region size 1024K, 3 young (3072K), 3 survivors (3072K)
 Metaspace       used 100561K, capacity 103010K, committed 103296K, reserved 1138688K
  class space    used 12548K, capacity 13449K, committed 13516K, reserved 1048576K
}
Event: 1009.537 GC heap before
{Heap before GC invocations=26 (full 0):
 garbage-first heap   total 157696K, used 129388K [0x0000000080000000, 0x0000000100000000)
  region size 1024K, 38 young (38912K), 3 survivors (3072K)
 Metaspace       used 102838K, capacity 105467K, committed 105728K, reserved 1140736K
  class space    used 12837K, capacity 13826K, committed 13900K, reserved 1048576K
}
Event: 1009.544 GC heap after
{Heap after GC invocations=27 (full 0):
 garbage-first heap   total 157696K, used 96632K [0x0000000080000000, 0x0000000100000000)
  region size 1024K, 2 young (2048K), 2 survivors (2048K)
 Metaspace       used 102838K, capacity 105467K, committed 105728K, reserved 1140736K
  class space    used 12837K, capacity 13826K, committed 13900K, reserved 1048576K
}
Event: 1010.143 GC heap before
{Heap before GC invocations=28 (full 0):
 garbage-first heap   total 157696K, used 130424K [0x0000000080000000, 0x0000000100000000)
  region size 1024K, 36 young (36864K), 2 survivors (2048K)
 Metaspace       used 111079K, capacity 114229K, committed 114560K, reserved 1148928K
  class space    used 14209K, capacity 15447K, committed 15564K, reserved 1048576K
}
Event: 1010.149 GC heap after
{Heap after GC invocations=29 (full 0):
 garbage-first heap   total 157696K, used 97577K [0x0000000080000000, 0x0000000100000000)
  region size 1024K, 3 young (3072K), 3 survivors (3072K)
 Metaspace       used 111079K, capacity 114229K, committed 114560K, reserved 1148928K
  class space    used 14209K, capacity 15447K, committed 15564K, reserved 1048576K
}
Event: 1010.219 GC heap before
{Heap before GC invocations=29 (full 0):
 garbage-first heap   total 157696K, used 100649K [0x0000000080000000, 0x0000000100000000)
  region size 1024K, 7 young (7168K), 3 survivors (3072K)
 Metaspace       used 111280K, capacity 114542K, committed 114816K, reserved 1148928K
  class space    used 14233K, capacity 15458K, committed 15564K, reserved 1048576K
}
Event: 1010.233 GC heap after
{Heap after GC invocations=30 (full 0):
 garbage-first heap   total 157696K, used 91368K [0x0000000080000000, 0x0000000100000000)
  region size 1024K, 1 young (1024K), 1 survivors (1024K)
 Metaspace       used 111280K, capacity 114542K, committed 114816K, reserved 1148928K
  class space    used 14233K, capacity 15458K, committed 15564K, reserved 1048576K
}
Event: 1010.858 GC heap before
{Heap before GC invocations=30 (full 0):
 garbage-first heap   total 157696K, used 127208K [0x0000000080000000, 0x0000000100000000)
  region size 1024K, 37 young (37888K), 1 survivors (1024K)
 Metaspace       used 114874K, capacity 118254K, committed 118528K, reserved 1150976K
  class space    used 14837K, capacity 16114K, committed 16204K, reserved 1048576K
}
Event: 1010.862 GC heap after
{Heap after GC invocations=31 (full 0):
 garbage-first heap   total 157696K, used 91741K [0x0000000080000000, 0x0000000100000000)
  region size 1024K, 1 young (1024K), 1 survivors (1024K)
 Metaspace       used 114874K, capacity 118254K, committed 118528K, reserved 1150976K
  class space    used 14837K, capacity 16114K, committed 16204K, reserved 1048576K
}
Event: 1138.129 GC heap before
{Heap before GC invocations=32 (full 0):
 garbage-first heap   total 157696K, used 151133K [0x0000000080000000, 0x0000000100000000)
  region size 1024K, 38 young (38912K), 1 survivors (1024K)
 Metaspace       used 117231K, capacity 120440K, committed 121088K, reserved 1155072K
  class space    used 15040K, capacity 16251K, committed 16460K, reserved 1048576K
}
Event: 1138.149 GC heap after
{Heap after GC invocations=33 (full 0):
 garbage-first heap   total 157696K, used 94317K [0x0000000080000000, 0x0000000100000000)
  region size 1024K, 4 young (4096K), 4 survivors (4096K)
 Metaspace       used 117231K, capacity 120440K, committed 121088K, reserved 1155072K
  class space    used 15040K, capacity 16251K, committed 16460K, reserved 1048576K
}
Event: 1162.650 GC heap before
{Heap before GC invocations=33 (full 0):
 garbage-first heap   total 157696K, used 97389K [0x0000000080000000, 0x0000000100000000)
  region size 1024K, 7 young (7168K), 4 survivors (4096K)
 Metaspace       used 117255K, capacity 120447K, committed 121088K, reserved 1155072K
  class space    used 15041K, capacity 16252K, committed 16460K, reserved 1048576K
}
Event: 1162.661 GC heap after
{Heap after GC invocations=34 (full 0):
 garbage-first heap   total 157696K, used 87707K [0x0000000080000000, 0x0000000100000000)
  region size 1024K, 1 young (1024K), 1 survivors (1024K)
 Metaspace       used 117255K, capacity 120447K, committed 121088K, reserved 1155072K
  class space    used 15041K, capacity 16252K, committed 16460K, reserved 1048576K
}

