# JRE version: OpenJDK Runtime Environment (11.0.10) (build 11.0.10+0-b96-7249189)
# Java VM: OpenJDK 64-Bit Server VM (11.0.10+0-b96-7249189, mixed mode, tiered, compressed oops, g1 gc, windows-amd64)
Heap:
 garbage-first heap   total 189440K, used 108388K [0x0000000080000000, 0x0000000100000000)
  region size 1024K, 58 young (59392K), 6 survivors (6144K)
 Metaspace       used 77881K, capacity 79914K, committed 80076K, reserved 1118208K
  class space    used 10227K, capacity 10931K, committed 10956K, reserved 1048576K
GC Heap History (20 events):
Event: 1.302 GC heap before
{Heap before GC invocations=2 (full 0):
 garbage-first heap   total 131072K, used 40051K [0x0000000080000000, 0x0000000100000000)
  region size 1024K, 32 young (32768K), 2 survivors (2048K)
 Metaspace       used 10793K, capacity 11071K, committed 11264K, reserved 1058816K
  class space    used 1125K, capacity 1206K, committed 1280K, reserved 1048576K
}
Event: 1.305 GC heap after
{Heap after GC invocations=3 (full 0):
 garbage-first heap   total 131072K, used 12441K [0x0000000080000000, 0x0000000100000000)
  region size 1024K, 4 young (4096K), 4 survivors (4096K)
 Metaspace       used 10793K, capacity 11071K, committed 11264K, reserved 1058816K
  class space    used 1125K, capacity 1206K, committed 1280K, reserved 1048576K
}
Event: 3.022 GC heap before
{Heap before GC invocations=3 (full 0):
 garbage-first heap   total 131072K, used 74905K [0x0000000080000000, 0x0000000100000000)
  region size 1024K, 66 young (67584K), 4 survivors (4096K)
 Metaspace       used 20604K, capacity 21122K, committed 21248K, reserved 1067008K
  class space    used 2518K, capacity 2720K, committed 2816K, reserved 1048576K
}
Event: 3.032 GC heap after
{Heap after GC invocations=4 (full 0):
 garbage-first heap   total 131072K, used 16676K [0x0000000080000000, 0x0000000100000000)
  region size 1024K, 9 young (9216K), 9 survivors (9216K)
 Metaspace       used 20604K, capacity 21122K, committed 21248K, reserved 1067008K
  class space    used 2518K, capacity 2720K, committed 2816K, reserved 1048576K
}
Event: 4.020 GC heap before
{Heap before GC invocations=5 (full 0):
 garbage-first heap   total 131072K, used 82212K [0x0000000080000000, 0x0000000100000000)
  region size 1024K, 73 young (74752K), 9 survivors (9216K)
 Metaspace       used 26717K, capacity 27318K, committed 27392K, reserved 1073152K
  class space    used 3528K, capacity 3792K, committed 3840K, reserved 1048576K
}
Event: 4.028 GC heap after
{Heap after GC invocations=6 (full 0):
 garbage-first heap   total 131072K, used 19176K [0x0000000080000000, 0x0000000100000000)
  region size 1024K, 7 young (7168K), 7 survivors (7168K)
 Metaspace       used 26717K, capacity 27318K, committed 27392K, reserved 1073152K
  class space    used 3528K, capacity 3792K, committed 3840K, reserved 1048576K
}
Event: 4.635 GC heap before
{Heap before GC invocations=6 (full 0):
 garbage-first heap   total 131072K, used 62184K [0x0000000080000000, 0x0000000100000000)
  region size 1024K, 51 young (52224K), 7 survivors (7168K)
 Metaspace       used 35028K, capacity 35834K, committed 35840K, reserved 1081344K
  class space    used 4540K, capacity 4864K, committed 4864K, reserved 1048576K
}
Event: 4.643 GC heap after
{Heap after GC invocations=7 (full 0):
 garbage-first heap   total 131072K, used 22481K [0x0000000080000000, 0x0000000100000000)
  region size 1024K, 6 young (6144K), 6 survivors (6144K)
 Metaspace       used 35028K, capacity 35834K, committed 35840K, reserved 1081344K
  class space    used 4540K, capacity 4864K, committed 4864K, reserved 1048576K
}
Event: 5.430 GC heap before
{Heap before GC invocations=8 (full 0):
 garbage-first heap   total 131072K, used 93137K [0x0000000080000000, 0x0000000100000000)
  region size 1024K, 73 young (74752K), 6 survivors (6144K)
 Metaspace       used 40112K, capacity 41081K, committed 41420K, reserved 1085440K
  class space    used 5147K, capacity 5496K, committed 5580K, reserved 1048576K
}
Event: 5.441 GC heap after
{Heap after GC invocations=9 (full 0):
 garbage-first heap   total 157696K, used 27753K [0x0000000080000000, 0x0000000100000000)
  region size 1024K, 9 young (9216K), 9 survivors (9216K)
 Metaspace       used 40112K, capacity 41081K, committed 41420K, reserved 1085440K
  class space    used 5147K, capacity 5496K, committed 5580K, reserved 1048576K
}
Event: 6.366 GC heap before
{Heap before GC invocations=9 (full 0):
 garbage-first heap   total 157696K, used 104553K [0x0000000080000000, 0x0000000100000000)
  region size 1024K, 84 young (86016K), 9 survivors (9216K)
 Metaspace       used 46512K, capacity 47703K, committed 47948K, reserved 1091584K
  class space    used 5960K, capacity 6400K, committed 6476K, reserved 1048576K
}
Event: 6.374 GC heap after
{Heap after GC invocations=10 (full 0):
 garbage-first heap   total 157696K, used 30160K [0x0000000080000000, 0x0000000100000000)
  region size 1024K, 8 young (8192K), 8 survivors (8192K)
 Metaspace       used 46512K, capacity 47703K, committed 47948K, reserved 1091584K
  class space    used 5960K, capacity 6400K, committed 6476K, reserved 1048576K
}
Event: 7.933 GC heap before
{Heap before GC invocations=10 (full 0):
 garbage-first heap   total 157696K, used 119248K [0x0000000080000000, 0x0000000100000000)
  region size 1024K, 92 young (94208K), 8 survivors (8192K)
 Metaspace       used 55684K, capacity 57128K, committed 57292K, reserved 1099776K
  class space    used 7052K, capacity 7557K, committed 7628K, reserved 1048576K
}
Event: 7.943 GC heap after
{Heap after GC invocations=11 (full 0):
 garbage-first heap   total 157696K, used 43123K [0x0000000080000000, 0x0000000100000000)
  region size 1024K, 12 young (12288K), 12 survivors (12288K)
 Metaspace       used 55684K, capacity 57128K, committed 57292K, reserved 1099776K
  class space    used 7052K, capacity 7557K, committed 7628K, reserved 1048576K
}
Event: 8.337 GC heap before
{Heap before GC invocations=11 (full 0):
 garbage-first heap   total 157696K, used 60531K [0x0000000080000000, 0x0000000100000000)
  region size 1024K, 30 young (30720K), 12 survivors (12288K)
 Metaspace       used 58634K, capacity 60164K, committed 60236K, reserved 1101824K
  class space    used 7437K, capacity 7974K, committed 8012K, reserved 1048576K
}
Event: 8.350 GC heap after
{Heap after GC invocations=12 (full 0):
 garbage-first heap   total 157696K, used 44850K [0x0000000080000000, 0x0000000100000000)
  region size 1024K, 2 young (2048K), 2 survivors (2048K)
 Metaspace       used 58634K, capacity 60164K, committed 60236K, reserved 1101824K
  class space    used 7437K, capacity 7974K, committed 8012K, reserved 1048576K
}
Event: 9.115 GC heap before
{Heap before GC invocations=13 (full 0):
 garbage-first heap   total 157696K, used 116530K [0x0000000080000000, 0x0000000100000000)
  region size 1024K, 72 young (73728K), 2 survivors (2048K)
 Metaspace       used 63279K, capacity 64904K, committed 65100K, reserved 1105920K
  class space    used 8053K, capacity 8645K, committed 8780K, reserved 1048576K
}
Event: 9.127 GC heap after
{Heap after GC invocations=14 (full 0):
 garbage-first heap   total 189440K, used 50617K [0x0000000080000000, 0x0000000100000000)
  region size 1024K, 8 young (8192K), 8 survivors (8192K)
 Metaspace       used 63279K, capacity 64904K, committed 65100K, reserved 1105920K
  class space    used 8053K, capacity 8645K, committed 8780K, reserved 1048576K
}
Event: 10.442 GC heap before
{Heap before GC invocations=15 (full 0):
 garbage-first heap   total 189440K, used 137657K [0x0000000080000000, 0x0000000100000000)
  region size 1024K, 93 young (95232K), 8 survivors (8192K)
 Metaspace       used 72530K, capacity 74255K, committed 74444K, reserved 1114112K
  class space    used 9490K, capacity 10138K, committed 10188K, reserved 1048576K
}
Event: 10.454 GC heap after
{Heap after GC invocations=16 (full 0):
 garbage-first heap   total 189440K, used 56164K [0x0000000080000000, 0x0000000100000000)
  region size 1024K, 6 young (6144K), 6 survivors (6144K)
 Metaspace       used 72530K, capacity 74255K, committed 74444K, reserved 1114112K
  class space    used 9490K, capacity 10138K, committed 10188K, reserved 1048576K
}

